<?xml version="1.0" encoding="UTF-8"?>
<!-- Generated by org.testng.reporters.JUnitReportReporter -->
<testsuite hostname="DESKTOP-682028L" name="com.google.stepdefinations.GoogleMapApi" tests="1" failures="0" timestamp="2 Sep 2022 05:16:53 GMT" time="5.771" errors="0">
  <testcase name="addMap" time="5.771" classname="com.google.stepdefinations.GoogleMapApi"/>
</testsuite> <!-- com.google.stepdefinations.GoogleMapApi -->
